<?xml version="1.0" encoding="UTF-8"?>
<!-- Generated by org.testng.reporters.JUnitReportReporter -->
<testsuite ignored="0" hostname="DESKTOP-QGPVCAQ" failures="0" tests="1" name="org.testing.testscripts.TC5_putRequest" time="0.063" errors="0" timestamp="22 Nov 2021 08:36:29 GMT" skipped="0">
  <testcase classname="org.testing.testscripts.TC5_putRequest" name="tc5" time="0.063"/>
</testsuite> <!-- org.testing.testscripts.TC5_putRequest -->
